<?xml version="1.0" encoding="UTF-8"?>
<!-- Generated by org.testng.reporters.JUnitReportReporter -->
<testsuite hostname="Pranesh" failures="0" tests="1" name="project3.Tc_02" time="18.351" errors="0" timestamp="2023-01-08T12:01:12 IST" skipped="0">
  <testcase classname="project3.Tc_02" name="Test2" time="18.351"/>
  <system-out/>
</testsuite> <!-- project3.Tc_02 -->
